<?xml version="1.0" encoding="UTF-8"?>
<!-- Generated by org.testng.reporters.JUnitReportReporter -->
<testsuite skipped="0" hostname="LAPTOP-A3LIB5FH" name="testscript.fourthTest" tests="1" failures="0" timestamp="2023-02-18T22:05:23 IST" time="64.274" errors="0">
  <testcase name="fourthTest" time="64.274" classname="testscript.fourthTest"/>
  <system-out/>
</testsuite> <!-- testscript.fourthTest -->
