<?xml version="1.0" encoding="UTF-8"?>
<!-- Generated by org.testng.reporters.JUnitReportReporter -->
<testsuite skipped="0" hostname="LAPTOP-A3LIB5FH" name="testscript.FirstTestScript" tests="1" failures="0" timestamp="2023-02-18T22:27:55 IST" time="59.962" errors="0">
  <testcase name="firstTest" time="59.962" classname="testscript.FirstTestScript"/>
  <system-out/>
</testsuite> <!-- testscript.FirstTestScript -->
