<?xml version="1.0" encoding="UTF-8"?>
<!-- Generated by org.testng.reporters.JUnitReportReporter -->
<testsuite skipped="0" hostname="LAPTOP-A3LIB5FH" name="testscript.ThirdTest" tests="1" failures="0" timestamp="2023-02-18T22:24:57 IST" time="118.589" errors="0">
  <testcase name="thirdTest" time="118.589" classname="testscript.ThirdTest"/>
  <system-out/>
</testsuite> <!-- testscript.ThirdTest -->
